0 info it worked if it ends with ok
1 verbose cli [ '/Users/appledev045/.nvm/versions/node/v6.10.0/bin/node',
1 verbose cli   '/Users/appledev045/.nvm/versions/node/v6.10.0/bin/npm',
1 verbose cli   'run',
1 verbose cli   'dev' ]
2 info using npm@3.10.10
3 info using node@v6.10.0
4 warn invalid config registry="registry.npm.taobao.org"
5 warn invalid config Must be a full url with 'http://'
6 verbose stack Error: missing script: dev
6 verbose stack     at run (/Users/appledev045/.nvm/versions/node/v6.10.0/lib/node_modules/npm/lib/run-script.js:151:19)
6 verbose stack     at /Users/appledev045/.nvm/versions/node/v6.10.0/lib/node_modules/npm/lib/run-script.js:61:5
6 verbose stack     at /Users/appledev045/.nvm/versions/node/v6.10.0/lib/node_modules/npm/node_modules/read-package-json/read-json.js:356:5
6 verbose stack     at checkBinReferences_ (/Users/appledev045/.nvm/versions/node/v6.10.0/lib/node_modules/npm/node_modules/read-package-json/read-json.js:320:45)
6 verbose stack     at final (/Users/appledev045/.nvm/versions/node/v6.10.0/lib/node_modules/npm/node_modules/read-package-json/read-json.js:354:3)
6 verbose stack     at then (/Users/appledev045/.nvm/versions/node/v6.10.0/lib/node_modules/npm/node_modules/read-package-json/read-json.js:124:5)
6 verbose stack     at ReadFileContext.<anonymous> (/Users/appledev045/.nvm/versions/node/v6.10.0/lib/node_modules/npm/node_modules/read-package-json/read-json.js:308:29)
6 verbose stack     at ReadFileContext.callback (/Users/appledev045/.nvm/versions/node/v6.10.0/lib/node_modules/npm/node_modules/graceful-fs/graceful-fs.js:78:16)
6 verbose stack     at FSReqWrap.readFileAfterOpen [as oncomplete] (fs.js:365:13)
7 verbose cwd /Users/appledev045/pwc_projects/angular-base-project
8 error Darwin 16.5.0
9 error argv "/Users/appledev045/.nvm/versions/node/v6.10.0/bin/node" "/Users/appledev045/.nvm/versions/node/v6.10.0/bin/npm" "run" "dev"
10 error node v6.10.0
11 error npm  v3.10.10
12 error missing script: dev
13 error If you need help, you may report this error at:
13 error     <https://github.com/npm/npm/issues>
14 verbose exit [ 1, true ]
